<?xml version="1.0" encoding="UTF-8"?>
<!-- Generated by org.testng.reporters.JUnitReportReporter -->
<testsuite skipped="0" hostname="DESKTOP-UELBI65" name="com.crm.practice.PracticeLaunch" tests="1" failures="0" timestamp="21 Mar 2021 14:22:37 GMT" time="119.054" errors="0">
  <testcase name="geckolaunch" time="119.054" classname="com.crm.practice.PracticeLaunch"/>
</testsuite> <!-- com.crm.practice.PracticeLaunch -->
